<?xml version="1.0" encoding="UTF-8"?>
<testng-results ignored="0" total="1" passed="1" failed="0" skipped="0">
  <reporter-output>
  </reporter-output>
  <suite started-at="2024-01-28T22:42:30 MMT" name="Suite" finished-at="2024-01-28T22:42:43 MMT" duration-ms="12710">
    <groups>
    </groups>
    <test started-at="2024-01-28T22:42:30 MMT" name="Test" finished-at="2024-01-28T22:42:43 MMT" duration-ms="12710">
      <class name="File.Upload_Download.uploadMultipleFile">
        <test-method is-config="true" signature="testSetup()[pri:0, instance:File.Upload_Download.uploadMultipleFile@6404f418]" started-at="2024-01-28T22:42:30 MMT" name="testSetup" finished-at="2024-01-28T22:42:33 MMT" duration-ms="2984" status="PASS">
          <reporter-output>
          </reporter-output>
        </test-method> <!-- testSetup -->
        <test-method is-config="true" signature="beforeMethod()[pri:0, instance:File.Upload_Download.uploadMultipleFile@6404f418]" started-at="2024-01-28T22:42:33 MMT" name="beforeMethod" finished-at="2024-01-28T22:42:35 MMT" duration-ms="1584" status="PASS">
          <reporter-output>
          </reporter-output>
        </test-method> <!-- beforeMethod -->
        <test-method signature="testFileUpload()[pri:0, instance:File.Upload_Download.uploadMultipleFile@6404f418]" started-at="2024-01-28T22:42:35 MMT" name="testFileUpload" finished-at="2024-01-28T22:42:41 MMT" duration-ms="5695" status="PASS">
          <reporter-output>
          </reporter-output>
        </test-method> <!-- testFileUpload -->
        <test-method is-config="true" signature="afterMethod()[pri:0, instance:File.Upload_Download.uploadMultipleFile@6404f418]" started-at="2024-01-28T22:42:41 MMT" name="afterMethod" finished-at="2024-01-28T22:42:43 MMT" duration-ms="2380" status="PASS">
          <reporter-output>
          </reporter-output>
        </test-method> <!-- afterMethod -->
        <test-method is-config="true" signature="afterClass()[pri:0, instance:File.Upload_Download.uploadMultipleFile@6404f418]" started-at="2024-01-28T22:42:43 MMT" name="afterClass" finished-at="2024-01-28T22:42:43 MMT" duration-ms="0" status="PASS">
          <reporter-output>
          </reporter-output>
        </test-method> <!-- afterClass -->
      </class> <!-- File.Upload_Download.uploadMultipleFile -->
    </test> <!-- Test -->
  </suite> <!-- Suite -->
</testng-results>
