<?xml version="1.0" encoding="UTF-8"?>
<testng-results ignored="0" total="1" passed="1" failed="0" skipped="0">
  <reporter-output>
  </reporter-output>
  <suite started-at="2024-01-29T23:07:42 MMT" name="Suite" finished-at="2024-01-29T23:07:58 MMT" duration-ms="16068">
    <groups>
    </groups>
    <test started-at="2024-01-29T23:07:42 MMT" name="Test" finished-at="2024-01-29T23:07:58 MMT" duration-ms="16068">
      <class name="File.Upload_Download.uploadMultiplePhotos">
        <test-method is-config="true" signature="testSetup()[pri:0, instance:File.Upload_Download.uploadMultiplePhotos@6404f418]" started-at="2024-01-29T23:07:42 MMT" name="testSetup" finished-at="2024-01-29T23:07:46 MMT" duration-ms="3941" status="PASS">
          <reporter-output>
          </reporter-output>
        </test-method> <!-- testSetup -->
        <test-method is-config="true" signature="beforeMethod()[pri:0, instance:File.Upload_Download.uploadMultiplePhotos@6404f418]" started-at="2024-01-29T23:07:46 MMT" name="beforeMethod" finished-at="2024-01-29T23:07:49 MMT" duration-ms="2400" status="PASS">
          <reporter-output>
          </reporter-output>
        </test-method> <!-- beforeMethod -->
        <test-method signature="testFileUpload()[pri:0, instance:File.Upload_Download.uploadMultiplePhotos@6404f418]" started-at="2024-01-29T23:07:49 MMT" name="testFileUpload" finished-at="2024-01-29T23:07:56 MMT" duration-ms="7077" status="PASS">
          <reporter-output>
          </reporter-output>
        </test-method> <!-- testFileUpload -->
        <test-method is-config="true" signature="afterMethod()[pri:0, instance:File.Upload_Download.uploadMultiplePhotos@6404f418]" started-at="2024-01-29T23:07:56 MMT" name="afterMethod" finished-at="2024-01-29T23:07:58 MMT" duration-ms="2565" status="PASS">
          <reporter-output>
          </reporter-output>
        </test-method> <!-- afterMethod -->
        <test-method is-config="true" signature="afterClass()[pri:0, instance:File.Upload_Download.uploadMultiplePhotos@6404f418]" started-at="2024-01-29T23:07:58 MMT" name="afterClass" finished-at="2024-01-29T23:07:58 MMT" duration-ms="9" status="PASS">
          <reporter-output>
          </reporter-output>
        </test-method> <!-- afterClass -->
      </class> <!-- File.Upload_Download.uploadMultiplePhotos -->
    </test> <!-- Test -->
  </suite> <!-- Suite -->
</testng-results>
